<?xml version="1.0" encoding="UTF-8"?>
<testsuite name="CabInvoiceTest" tests="1" skipped="0" failures="0" errors="0" timestamp="2020-10-30T17:39:19" hostname="DESKTOP-UDL4V0I" time="0.02">
  <properties/>
  <testcase name="InvoiceServiceTest" classname="CabInvoiceTest" time="0.02"/>
  <system-out><![CDATA[
Total Fare : 42
{Sai=[42]}

Total Fare : 109
{Sai=[42, 109]}

Total Fare : 28
{Sai=[42, 109, 28]}
Total Fare is 179
]]></system-out>
  <system-err><![CDATA[]]></system-err>
</testsuite>
