<?xml version="1.0" encoding="UTF-8"?>
<testsuite name="CabInvoiceTest" tests="1" skipped="0" failures="0" errors="0" timestamp="2020-10-30T17:27:39" hostname="DESKTOP-UDL4V0I" time="0.012">
  <properties/>
  <testcase name="shouldReturnTotalFareOfJourney" classname="CabInvoiceTest" time="0.012"/>
  <system-out><![CDATA[
Total Fare : 42
{Sai=[42]}

Total Fare : 72
{Sai=[42, 72]}

Total Fare : 28
{Sai=[42, 72, 28]}
142
]]></system-out>
  <system-err><![CDATA[]]></system-err>
</testsuite>
