<?xml version="1.0" encoding="UTF-8"?>
<testsuite name="CabInvoiceTest" tests="1" skipped="0" failures="0" errors="0" timestamp="2020-10-30T13:01:58" hostname="DESKTOP-UDL4V0I" time="0.003">
  <properties/>
  <testcase name="shouldReturnTotalFareOfJourney" classname="CabInvoiceTest" time="0.003"/>
  <system-out><![CDATA[]]></system-out>
  <system-err><![CDATA[]]></system-err>
</testsuite>
